[prefix]
/*******************************************************************************
 * This file is part of "Patrick's Programming Library", Version 6 (PPL6). 
 * Web: http://www.pfp.de/ppl/
 *
 * $Author$
 * $Revision$
 * $Date$
 * $Id$
 * $URL$
 *
 ******************************************************************************* 
 * Copyright (c) 2010, Patrick Fedick <patrick@pfp.de>
 * All rights reserved.
 *
 * Redistribution and use in source and binary forms, with or without
 * modification, are permitted provided that the following conditions are met:
 *     * Redistributions of source code must retain the above copyright
 *       notice, this list of conditions and the following disclaimer.
 *     * Redistributions in binary form must reproduce the above copyright
 *       notice, this list of conditions and the following disclaimer in the
 *       documentation and/or other materials provided with the distribution.
 *     * Neither the name of the copyright holder nor the names of its
 *       contributors may be used to endorse or promote products derived
 *       from this software without specific prior written permission.
 *
 * THIS SOFTWARE IS PROVIDED BY THE COPYRIGHT HOLDER AND CONTRIBUTORS "AS IS"
 * AND ANY EXPRESS OR IMPLIED WARRANTIES, INCLUDING, BUT NOT LIMITED TO, THE
 * IMPLIED WARRANTIES OF MERCHANTABILITY AND FITNESS FOR A PARTICULAR PURPOSE
 * ARE DISCLAIMED. IN NO EVENT SHALL THE COPYRIGHT HOLDER AND CONTRIBUTORS BE
 * LIABLE FOR ANY DIRECT, INDIRECT, INCIDENTAL, SPECIAL, EXEMPLARY, OR
 * CONSEQUENTIAL DAMAGES (INCLUDING, BUT NOT LIMITED TO, PROCUREMENT OF
 * SUBSTITUTE GOODS OR SERVICES; LOSS OF USE, DATA, OR PROFITS; OR BUSINESS
 * INTERRUPTION) HOWEVER CAUSED AND ON ANY THEORY OF LIABILITY, WHETHER IN
 * CONTRACT, STRICT LIABILITY, OR TORT (INCLUDING NEGLIGENCE OR OTHERWISE
 * ARISING IN ANY WAY OUT OF THE USE OF THIS SOFTWARE, EVEN IF ADVISED OF
 * THE POSSIBILITY OF SUCH DAMAGE.
 *******************************************************************************/

[1]
ID=1
Name=License
File=../LICENSE.TXT
[2]
ID=2
Name=PPL7Icon48
File=ppl7-icon-48x48.png
[3]
ID=3
Name=PPL7Icon32
File=ppl7-icon-32x32.png
[4]
ID=4
Name=PPL7Icon16
File=ppl7-icon-16x16.png
[5]
ID=5
Name=PPL7Icon128
File=ppl7-icon-128x128.png

[11]
ID=11
Name=MimeTypes
File=mimetypes.png
[12]
ID=12
Name=ButtonSymbols
File=ButtonSymbols.png
[13]
ID=13
Name=Icons
File=icons.png
[14]
ID=14
Name=Toolbar
File=toolbar.png
[15]
ID=15
Name=Cursor
File=cursor.png

[34]
ID=34
Name=PPL Liberation Sans
File=liberationsans2.fnt5
compression=none

[35]
ID=35
Name=PPL Liberation Mono
File=liberationmono2.fnt5
compression=none

[50]
ID=50
Name=WikiParser Stylesheet
File=wikistyle.css

